<?xml version="1.0" encoding="UTF-8"?>
<!-- Generated by org.testng.reporters.JUnitReportReporter -->
<testsuite hostname="Mamta-PC" name="com.qa.AmazonPages.demoAnnotation" tests="3" failures="0" timestamp="26 Jul 2022 08:21:18 GMT" time="0.006" errors="0">
  <testcase name="test3" time="0.000" classname="com.qa.AmazonPages.demoAnnotation"/>
  <testcase name="test2" time="0.000" classname="com.qa.AmazonPages.demoAnnotation"/>
  <testcase name="test1" time="0.006" classname="com.qa.AmazonPages.demoAnnotation"/>
</testsuite> <!-- com.qa.AmazonPages.demoAnnotation -->
